Using pre-set license
Built from '2020.2/release' branch; Version is '2020.2.0f1 (3721df5a8b28) revision 3613151'; Using compiler version '192528614'; Build Type 'Release'
OS: 'Windows 10  (10.0.0) 64bit' Language: 'zh' Physical Memory: 15789 MB
BatchMode: 1, IsHumanControllingUs: 0, StartBugReporterOnCrash: 0, Is64bit: 1, IsPro: 0

 COMMAND LINE ARGUMENTS:
C:\Program Files\Unity\2020.2.0f1\Editor\Unity.exe
-adb2
-batchMode
-noUpm
-name
AssetImportWorker0
-projectPath
C:/Users/sarof/Projects/Git/AStar-Unity2D
-logFile
Logs/AssetImportWorker0.log
-srvPort
55470
Successfully changed project path to: C:/Users/sarof/Projects/Git/AStar-Unity2D
C:/Users/sarof/Projects/Git/AStar-Unity2D
Using Asset Import Pipeline V2.
Refreshing native plugins compatible for Editor in 23.26 ms, found 0 plugins.
Preloading 0 native plugins for Editor in 0.00 ms.
Initialize engine version: 2020.2.0f1 (3721df5a8b28)
[Subsystems] Discovering subsystems at path C:/Program Files/Unity/2020.2.0f1/Editor/Data/Resources/UnitySubsystems
[Subsystems] Discovering subsystems at path C:/Users/sarof/Projects/Git/AStar-Unity2D/Assets
GfxDevice: creating device client; threaded=0
Direct3D:
    Version:  Direct3D 11.0 [level 11.1]
    Renderer: NVIDIA GeForce RTX 2060 with Max-Q Design (ID=0x1f12)
    Vendor:   
    VRAM:     5980 MB
    Driver:   27.21.14.5763
Initialize mono
Mono path[0] = 'C:/Program Files/Unity/2020.2.0f1/Editor/Data/Managed'
Mono path[1] = 'C:/Program Files/Unity/2020.2.0f1/Editor/Data/MonoBleedingEdge/lib/mono/unityjit'
Mono config path = 'C:/Program Files/Unity/2020.2.0f1/Editor/Data/MonoBleedingEdge/etc'
Using monoOptions --debugger-agent=transport=dt_socket,embedding=1,server=y,suspend=n,address=127.0.0.1:56440
Begin MonoManager ReloadAssembly
Registering precompiled unity dll's ...
Register platform support module: C:/Program Files/Unity/2020.2.0f1/Editor/Data/PlaybackEngines/WindowsStandaloneSupport/UnityEditor.WindowsStandalone.Extensions.dll
Registered in 0.001457 seconds.
Native extension for WindowsStandalone target not found
Refreshing native plugins compatible for Editor in 25.05 ms, found 0 plugins.
Preloading 0 native plugins for Editor in 0.00 ms.
Invoked RoslynAnalysisRunner static constructor.
RoslynAnalysisRunner will not be running.
RoslynAnalysisRunner has terminated.
Mono: successfully reloaded assembly
- Completed reload, in  1.427 seconds
Platform modules already initialized, skipping
Registering precompiled user dll's ...
Registered in 0.001602 seconds.
Begin MonoManager ReloadAssembly
Native extension for WindowsStandalone target not found
Refreshing native plugins compatible for Editor in 0.24 ms, found 0 plugins.
Preloading 0 native plugins for Editor in 0.00 ms.
Invoked RoslynAnalysisRunner static constructor.
RoslynAnalysisRunner will not be running.
RoslynAnalysisRunner has terminated.
Mono: successfully reloaded assembly
- Completed reload, in  0.702 seconds
Platform modules already initialized, skipping
========================================================================
Worker process is ready to serve import requests
Launched and connected shader compiler UnityShaderCompiler.exe after 0.03 seconds
Refreshing native plugins compatible for Editor in 0.23 ms, found 0 plugins.
Preloading 0 native plugins for Editor in 0.00 ms.
Unloading 1324 Unused Serialized files (Serialized files now loaded: 0)
System memory in use before: 62.1 MB.
System memory in use after: 62.2 MB.

Unloading 13 unused Assets to reduce memory usage. Loaded Objects now: 1760.
Total: 1.844100 ms (FindLiveObjects: 0.208800 ms CreateObjectMapping: 0.056000 ms MarkObjects: 1.515800 ms  DeleteObjects: 0.062200 ms)

========================================================================
Received Import Request.
  path: Assets/Scenes/Example2.unity
  artifactKey: Guid(db6c0faa03e56f248bed2173a585f56d) Importer(815301076,1909f56bfc062723c751e8b465ee728b)
Start importing Assets/Scenes/Example2.unity using Guid(db6c0faa03e56f248bed2173a585f56d) Importer(815301076,1909f56bfc062723c751e8b465ee728b)  -> (artifact id: '1038d80bc7cbd74dc554e6dc2f198810') in 0.016685 seconds
  Import took 0.019159 seconds .

========================================================================
Received Import Request.
  Time since last request: 0.618568 seconds.
  path: Assets/Scenes/Example2.unity
  artifactKey: Guid(db6c0faa03e56f248bed2173a585f56d) Importer(815301076,1909f56bfc062723c751e8b465ee728b)
Start importing Assets/Scenes/Example2.unity using Guid(db6c0faa03e56f248bed2173a585f56d) Importer(815301076,1909f56bfc062723c751e8b465ee728b)  -> (artifact id: '1038d80bc7cbd74dc554e6dc2f198810') in 0.002904 seconds
  Import took 0.005114 seconds .

========================================================================
Received Prepare
Registering precompiled user dll's ...
Registered in 0.001558 seconds.
Begin MonoManager ReloadAssembly
Native extension for WindowsStandalone target not found
Refreshing native plugins compatible for Editor in 0.42 ms, found 0 plugins.
Preloading 0 native plugins for Editor in 0.00 ms.
Invoked RoslynAnalysisRunner static constructor.
RoslynAnalysisRunner will not be running.
RoslynAnalysisRunner has terminated.
Mono: successfully reloaded assembly
- Completed reload, in  0.727 seconds
Platform modules already initialized, skipping
Refreshing native plugins compatible for Editor in 0.41 ms, found 0 plugins.
Preloading 0 native plugins for Editor in 0.00 ms.
Unloading 1319 Unused Serialized files (Serialized files now loaded: 0)
System memory in use before: 62.2 MB.
System memory in use after: 62.2 MB.

Unloading 8 unused Assets to reduce memory usage. Loaded Objects now: 1762.
Total: 1.656200 ms (FindLiveObjects: 0.223100 ms CreateObjectMapping: 0.028700 ms MarkObjects: 1.344400 ms  DeleteObjects: 0.058500 ms)

========================================================================
Received Import Request.
  Time since last request: 26.501278 seconds.
  path: Assets/Scenes/Example1.unity
  artifactKey: Guid(9fc0d4010bbf28b4594072e72b8655ab) Importer(815301076,1909f56bfc062723c751e8b465ee728b)
Start importing Assets/Scenes/Example1.unity using Guid(9fc0d4010bbf28b4594072e72b8655ab) Importer(815301076,1909f56bfc062723c751e8b465ee728b)  -> (artifact id: 'b3475fb940464bd1aae1d9eeaa95bc41') in 0.015790 seconds
  Import took 0.017850 seconds .

========================================================================
Received Prepare
Registering precompiled user dll's ...
Registered in 0.001921 seconds.
Begin MonoManager ReloadAssembly
Native extension for WindowsStandalone target not found
Refreshing native plugins compatible for Editor in 0.27 ms, found 0 plugins.
Preloading 0 native plugins for Editor in 0.00 ms.
Invoked RoslynAnalysisRunner static constructor.
RoslynAnalysisRunner will not be running.
RoslynAnalysisRunner has terminated.
Mono: successfully reloaded assembly
- Completed reload, in  0.684 seconds
Platform modules already initialized, skipping
Refreshing native plugins compatible for Editor in 0.45 ms, found 0 plugins.
Preloading 0 native plugins for Editor in 0.00 ms.
Unloading 1319 Unused Serialized files (Serialized files now loaded: 0)
System memory in use before: 62.3 MB.
System memory in use after: 62.4 MB.

Unloading 8 unused Assets to reduce memory usage. Loaded Objects now: 1764.
Total: 1.752300 ms (FindLiveObjects: 0.168100 ms CreateObjectMapping: 0.028800 ms MarkObjects: 1.515100 ms  DeleteObjects: 0.039000 ms)

========================================================================
Received Prepare
Registering precompiled user dll's ...
Registered in 0.001552 seconds.
Begin MonoManager ReloadAssembly
Native extension for WindowsStandalone target not found
Refreshing native plugins compatible for Editor in 0.24 ms, found 0 plugins.
Preloading 0 native plugins for Editor in 0.00 ms.
Invoked RoslynAnalysisRunner static constructor.
RoslynAnalysisRunner will not be running.
RoslynAnalysisRunner has terminated.
Mono: successfully reloaded assembly
- Completed reload, in  0.650 seconds
Platform modules already initialized, skipping
Refreshing native plugins compatible for Editor in 0.23 ms, found 0 plugins.
Preloading 0 native plugins for Editor in 0.00 ms.
Unloading 1319 Unused Serialized files (Serialized files now loaded: 0)
System memory in use before: 62.3 MB.
System memory in use after: 62.4 MB.

Unloading 8 unused Assets to reduce memory usage. Loaded Objects now: 1766.
Total: 2.404100 ms (FindLiveObjects: 0.212000 ms CreateObjectMapping: 0.054200 ms MarkObjects: 2.092200 ms  DeleteObjects: 0.044200 ms)

========================================================================
Received Prepare
Registering precompiled user dll's ...
Registered in 0.001517 seconds.
Begin MonoManager ReloadAssembly
Native extension for WindowsStandalone target not found
Refreshing native plugins compatible for Editor in 0.25 ms, found 0 plugins.
Preloading 0 native plugins for Editor in 0.00 ms.
Invoked RoslynAnalysisRunner static constructor.
RoslynAnalysisRunner will not be running.
RoslynAnalysisRunner has terminated.
Mono: successfully reloaded assembly
- Completed reload, in  0.680 seconds
Platform modules already initialized, skipping
Refreshing native plugins compatible for Editor in 0.37 ms, found 0 plugins.
Preloading 0 native plugins for Editor in 0.00 ms.
Unloading 1319 Unused Serialized files (Serialized files now loaded: 0)
System memory in use before: 62.4 MB.
System memory in use after: 62.5 MB.

Unloading 8 unused Assets to reduce memory usage. Loaded Objects now: 1768.
Total: 1.680900 ms (FindLiveObjects: 0.277100 ms CreateObjectMapping: 0.077700 ms MarkObjects: 1.277600 ms  DeleteObjects: 0.046900 ms)

========================================================================
Received Prepare
Registering precompiled user dll's ...
Registered in 0.001515 seconds.
Begin MonoManager ReloadAssembly
Native extension for WindowsStandalone target not found
Refreshing native plugins compatible for Editor in 0.24 ms, found 0 plugins.
Preloading 0 native plugins for Editor in 0.00 ms.
Invoked RoslynAnalysisRunner static constructor.
RoslynAnalysisRunner will not be running.
RoslynAnalysisRunner has terminated.
Mono: successfully reloaded assembly
- Completed reload, in  0.667 seconds
Platform modules already initialized, skipping
Refreshing native plugins compatible for Editor in 0.24 ms, found 0 plugins.
Preloading 0 native plugins for Editor in 0.00 ms.
Unloading 1319 Unused Serialized files (Serialized files now loaded: 0)
System memory in use before: 62.5 MB.
System memory in use after: 62.6 MB.

Unloading 8 unused Assets to reduce memory usage. Loaded Objects now: 1770.
Total: 1.694700 ms (FindLiveObjects: 0.246300 ms CreateObjectMapping: 0.047000 ms MarkObjects: 1.354600 ms  DeleteObjects: 0.045500 ms)

========================================================================
Received Prepare
Registering precompiled user dll's ...
Registered in 0.001586 seconds.
Begin MonoManager ReloadAssembly
Native extension for WindowsStandalone target not found
Refreshing native plugins compatible for Editor in 0.26 ms, found 0 plugins.
Preloading 0 native plugins for Editor in 0.00 ms.
Invoked RoslynAnalysisRunner static constructor.
RoslynAnalysisRunner will not be running.
RoslynAnalysisRunner has terminated.
Mono: successfully reloaded assembly
- Completed reload, in  0.692 seconds
Platform modules already initialized, skipping
Refreshing native plugins compatible for Editor in 0.27 ms, found 0 plugins.
Preloading 0 native plugins for Editor in 0.00 ms.
Unloading 1319 Unused Serialized files (Serialized files now loaded: 0)
System memory in use before: 62.6 MB.
System memory in use after: 62.6 MB.

Unloading 8 unused Assets to reduce memory usage. Loaded Objects now: 1772.
Total: 2.033500 ms (FindLiveObjects: 0.254000 ms CreateObjectMapping: 0.048400 ms MarkObjects: 1.682100 ms  DeleteObjects: 0.047600 ms)

========================================================================
Received Prepare
Registering precompiled user dll's ...
Registered in 0.001495 seconds.
Begin MonoManager ReloadAssembly
Native extension for WindowsStandalone target not found
Refreshing native plugins compatible for Editor in 0.27 ms, found 0 plugins.
Preloading 0 native plugins for Editor in 0.00 ms.
Invoked RoslynAnalysisRunner static constructor.
RoslynAnalysisRunner will not be running.
RoslynAnalysisRunner has terminated.
Mono: successfully reloaded assembly
- Completed reload, in  0.646 seconds
Platform modules already initialized, skipping
Refreshing native plugins compatible for Editor in 0.23 ms, found 0 plugins.
Preloading 0 native plugins for Editor in 0.00 ms.
Unloading 1319 Unused Serialized files (Serialized files now loaded: 0)
System memory in use before: 62.6 MB.
System memory in use after: 62.7 MB.

Unloading 8 unused Assets to reduce memory usage. Loaded Objects now: 1774.
Total: 2.280000 ms (FindLiveObjects: 0.200100 ms CreateObjectMapping: 0.052700 ms MarkObjects: 1.977700 ms  DeleteObjects: 0.048300 ms)

========================================================================
Received Prepare
Registering precompiled user dll's ...
Registered in 0.001470 seconds.
Begin MonoManager ReloadAssembly
Native extension for WindowsStandalone target not found
Refreshing native plugins compatible for Editor in 0.24 ms, found 0 plugins.
Preloading 0 native plugins for Editor in 0.00 ms.
Invoked RoslynAnalysisRunner static constructor.
RoslynAnalysisRunner will not be running.
RoslynAnalysisRunner has terminated.
Mono: successfully reloaded assembly
- Completed reload, in  0.635 seconds
Platform modules already initialized, skipping
Refreshing native plugins compatible for Editor in 0.24 ms, found 0 plugins.
Preloading 0 native plugins for Editor in 0.00 ms.
Unloading 1319 Unused Serialized files (Serialized files now loaded: 0)
System memory in use before: 62.7 MB.
System memory in use after: 62.8 MB.

Unloading 8 unused Assets to reduce memory usage. Loaded Objects now: 1776.
Total: 1.965200 ms (FindLiveObjects: 0.294600 ms CreateObjectMapping: 0.077900 ms MarkObjects: 1.542100 ms  DeleteObjects: 0.048800 ms)

========================================================================
Received Prepare
Registering precompiled user dll's ...
Registered in 0.000727 seconds.
Begin MonoManager ReloadAssembly
Native extension for WindowsStandalone target not found
Refreshing native plugins compatible for Editor in 0.23 ms, found 0 plugins.
Preloading 0 native plugins for Editor in 0.00 ms.
Invoked RoslynAnalysisRunner static constructor.
RoslynAnalysisRunner will not be running.
RoslynAnalysisRunner has terminated.
Mono: successfully reloaded assembly
- Completed reload, in  0.645 seconds
Platform modules already initialized, skipping
Refreshing native plugins compatible for Editor in 0.22 ms, found 0 plugins.
Preloading 0 native plugins for Editor in 0.00 ms.
Unloading 1308 Unused Serialized files (Serialized files now loaded: 0)
System memory in use before: 62.5 MB.
System memory in use after: 62.6 MB.

Unloading 15 unused Assets to reduce memory usage. Loaded Objects now: 1770.
Total: 1.796500 ms (FindLiveObjects: 0.159800 ms CreateObjectMapping: 0.032200 ms MarkObjects: 1.552000 ms  DeleteObjects: 0.051100 ms)

========================================================================
Received Prepare
Registering precompiled user dll's ...
Registered in 0.000580 seconds.
Begin MonoManager ReloadAssembly
Native extension for WindowsStandalone target not found
Refreshing native plugins compatible for Editor in 0.22 ms, found 0 plugins.
Preloading 0 native plugins for Editor in 0.00 ms.
Invoked RoslynAnalysisRunner static constructor.
RoslynAnalysisRunner will not be running.
RoslynAnalysisRunner has terminated.
Mono: successfully reloaded assembly
- Completed reload, in  0.625 seconds
Platform modules already initialized, skipping
Refreshing native plugins compatible for Editor in 0.22 ms, found 0 plugins.
Preloading 0 native plugins for Editor in 0.00 ms.
Unloading 1308 Unused Serialized files (Serialized files now loaded: 0)
System memory in use before: 62.5 MB.
System memory in use after: 62.6 MB.

Unloading 5 unused Assets to reduce memory usage. Loaded Objects now: 1772.
Total: 2.118700 ms (FindLiveObjects: 0.364200 ms CreateObjectMapping: 0.050500 ms MarkObjects: 1.657000 ms  DeleteObjects: 0.045700 ms)

========================================================================
Received Prepare
Registering precompiled user dll's ...
Registered in 0.000623 seconds.
Begin MonoManager ReloadAssembly
Native extension for WindowsStandalone target not found
Refreshing native plugins compatible for Editor in 0.23 ms, found 0 plugins.
Preloading 0 native plugins for Editor in 0.00 ms.
Invoked RoslynAnalysisRunner static constructor.
RoslynAnalysisRunner will not be running.
RoslynAnalysisRunner has terminated.
Mono: successfully reloaded assembly
- Completed reload, in  0.643 seconds
Platform modules already initialized, skipping
Refreshing native plugins compatible for Editor in 0.22 ms, found 0 plugins.
Preloading 0 native plugins for Editor in 0.00 ms.
Unloading 1308 Unused Serialized files (Serialized files now loaded: 0)
System memory in use before: 62.6 MB.
System memory in use after: 62.7 MB.

Unloading 5 unused Assets to reduce memory usage. Loaded Objects now: 1774.
Total: 2.481700 ms (FindLiveObjects: 0.276400 ms CreateObjectMapping: 0.075900 ms MarkObjects: 2.076200 ms  DeleteObjects: 0.051600 ms)

========================================================================
Received Import Request.
  Time since last request: 8258.259228 seconds.
  path: Assets/AStar
  artifactKey: Guid(41419ea171e91d9479b51d4feab699e7) Importer(815301076,1909f56bfc062723c751e8b465ee728b)
Start importing Assets/AStar using Guid(41419ea171e91d9479b51d4feab699e7) Importer(815301076,1909f56bfc062723c751e8b465ee728b)  -> (artifact id: '9a8c5a2f1d6c33e5ae5c8d1e0f6bc3de') in 0.012476 seconds
  Import took 0.014976 seconds .

========================================================================
Received Import Request.
  Time since last request: 4.030597 seconds.
  path: Assets/AStar/Runtime
  artifactKey: Guid(364819fd94c4b4149900ea1b27320a31) Importer(815301076,1909f56bfc062723c751e8b465ee728b)
Start importing Assets/AStar/Runtime using Guid(364819fd94c4b4149900ea1b27320a31) Importer(815301076,1909f56bfc062723c751e8b465ee728b)  -> (artifact id: 'a25f06bed5c7b85b86d07448350a58f7') in 0.008576 seconds
  Import took 0.011195 seconds .

========================================================================
Received Import Request.
  Time since last request: 5.839006 seconds.
  path: Assets/AStar/Editor
  artifactKey: Guid(59304b30afe11164c8d62163210bbb97) Importer(815301076,1909f56bfc062723c751e8b465ee728b)
Start importing Assets/AStar/Editor using Guid(59304b30afe11164c8d62163210bbb97) Importer(815301076,1909f56bfc062723c751e8b465ee728b)  -> (artifact id: '327dc0c9fa145a5bc3e7cbbdc48524f2') in 0.008060 seconds
  Import took 0.009977 seconds .

========================================================================
Received Import Request.
  Time since last request: 1.455831 seconds.
  path: Assets/AStar/Pathfinding
  artifactKey: Guid(2034a0101f4ce29438c1258d04feae4f) Importer(815301076,1909f56bfc062723c751e8b465ee728b)
Start importing Assets/AStar/Pathfinding using Guid(2034a0101f4ce29438c1258d04feae4f) Importer(815301076,1909f56bfc062723c751e8b465ee728b)  -> (artifact id: '5004c30ec326a502acc13bc109c5a5de') in 0.007142 seconds
  Import took 0.009437 seconds .

========================================================================
Received Prepare
Registering precompiled user dll's ...
Registered in 0.000612 seconds.
Begin MonoManager ReloadAssembly
Native extension for WindowsStandalone target not found
Refreshing native plugins compatible for Editor in 0.24 ms, found 0 plugins.
Preloading 0 native plugins for Editor in 0.00 ms.
Invoked RoslynAnalysisRunner static constructor.
RoslynAnalysisRunner will not be running.
RoslynAnalysisRunner has terminated.
Mono: successfully reloaded assembly
- Completed reload, in  0.634 seconds
Platform modules already initialized, skipping
Refreshing native plugins compatible for Editor in 0.22 ms, found 0 plugins.
Preloading 0 native plugins for Editor in 0.00 ms.
Unloading 1308 Unused Serialized files (Serialized files now loaded: 0)
System memory in use before: 62.7 MB.
System memory in use after: 62.8 MB.

Unloading 5 unused Assets to reduce memory usage. Loaded Objects now: 1776.
Total: 2.168600 ms (FindLiveObjects: 0.217200 ms CreateObjectMapping: 0.058900 ms MarkObjects: 1.849300 ms  DeleteObjects: 0.041600 ms)

========================================================================
Received Import Request.
  Time since last request: 16.794205 seconds.
  path: Assets/AStar/Runtime/Saro.AStar.asmdef
  artifactKey: Guid(752820958389f784e800e4d5f0b45b84) Importer(815301076,1909f56bfc062723c751e8b465ee728b)
Start importing Assets/AStar/Runtime/Saro.AStar.asmdef using Guid(752820958389f784e800e4d5f0b45b84) Importer(815301076,1909f56bfc062723c751e8b465ee728b)  -> (artifact id: 'df61d756827fa6c9b90102f68f3506ba') in 0.037577 seconds
  Import took 0.039957 seconds .

========================================================================
Received Import Request.
  Time since last request: 0.017809 seconds.
  path: Assets/AStar/Runtime/Saro.AStar.asmdef
  artifactKey: Guid(752820958389f784e800e4d5f0b45b84) Importer(815301076,1909f56bfc062723c751e8b465ee728b)
Start importing Assets/AStar/Runtime/Saro.AStar.asmdef using Guid(752820958389f784e800e4d5f0b45b84) Importer(815301076,1909f56bfc062723c751e8b465ee728b)  -> (artifact id: 'df61d756827fa6c9b90102f68f3506ba') in 0.005925 seconds
  Import took 0.008374 seconds .

========================================================================
Received Import Request.
  Time since last request: 18.155775 seconds.
  path: Assets/AStar/Runtime/Saro.AStar.asmdef
  artifactKey: Guid(752820958389f784e800e4d5f0b45b84) Importer(815301076,1909f56bfc062723c751e8b465ee728b)
Start importing Assets/AStar/Runtime/Saro.AStar.asmdef using Guid(752820958389f784e800e4d5f0b45b84) Importer(815301076,1909f56bfc062723c751e8b465ee728b)  -> (artifact id: '9dbc03879eb825191ef41b8052cdab6f') in 0.003794 seconds
  Import took 0.006307 seconds .

========================================================================
Received Prepare
Registering precompiled user dll's ...
Registered in 0.000590 seconds.
Begin MonoManager ReloadAssembly
Native extension for WindowsStandalone target not found
Refreshing native plugins compatible for Editor in 0.22 ms, found 0 plugins.
Preloading 0 native plugins for Editor in 0.00 ms.
Invoked RoslynAnalysisRunner static constructor.
RoslynAnalysisRunner will not be running.
RoslynAnalysisRunner has terminated.
Mono: successfully reloaded assembly
- Completed reload, in  0.630 seconds
Platform modules already initialized, skipping
Refreshing native plugins compatible for Editor in 0.22 ms, found 0 plugins.
Preloading 0 native plugins for Editor in 0.00 ms.
Unloading 1308 Unused Serialized files (Serialized files now loaded: 0)
System memory in use before: 62.7 MB.
System memory in use after: 62.8 MB.

Unloading 5 unused Assets to reduce memory usage. Loaded Objects now: 1778.
Total: 2.428900 ms (FindLiveObjects: 0.388000 ms CreateObjectMapping: 0.085000 ms MarkObjects: 1.909900 ms  DeleteObjects: 0.043900 ms)

========================================================================
Received Import Request.
  Time since last request: 24.268072 seconds.
  path: Assets/AStar/Runtime/Pathfinding/Node.cs
  artifactKey: Guid(883cd6b710f8f354cbc60c287129bdc5) Importer(815301076,1909f56bfc062723c751e8b465ee728b)
Start importing Assets/AStar/Runtime/Pathfinding/Node.cs using Guid(883cd6b710f8f354cbc60c287129bdc5) Importer(815301076,1909f56bfc062723c751e8b465ee728b)  -> (artifact id: '6d39e3314d152b20eaeae7be68ad3e9e') in 0.056056 seconds
  Import took 0.058162 seconds .

========================================================================
Received Import Request.
  Time since last request: 75.451449 seconds.
  path: Assets/AStar/Runtime/Test
  artifactKey: Guid(158f28a122026c34b922dd603b311dbf) Importer(815301076,1909f56bfc062723c751e8b465ee728b)
Start importing Assets/AStar/Runtime/Test using Guid(158f28a122026c34b922dd603b311dbf) Importer(815301076,1909f56bfc062723c751e8b465ee728b)  -> (artifact id: '4057e78df6c0155bb12c006ad579cfa9') in 0.007582 seconds
  Import took 0.010075 seconds .

========================================================================
Received Import Request.
  Time since last request: 13.136296 seconds.
  path: Assets/AStar/Runtime/Test/GridDrawer.cs
  artifactKey: Guid(689a81e679994b44592a2965ceee104e) Importer(815301076,1909f56bfc062723c751e8b465ee728b)
Start importing Assets/AStar/Runtime/Test/GridDrawer.cs using Guid(689a81e679994b44592a2965ceee104e) Importer(815301076,1909f56bfc062723c751e8b465ee728b)  -> (artifact id: '395018eb46d99d511473ddbd6445910d') in 0.007285 seconds
  Import took 0.009330 seconds .

========================================================================
Received Prepare
Registering precompiled user dll's ...
Registered in 0.000583 seconds.
Begin MonoManager ReloadAssembly
Native extension for WindowsStandalone target not found
Refreshing native plugins compatible for Editor in 0.23 ms, found 0 plugins.
Preloading 0 native plugins for Editor in 0.00 ms.
Invoked RoslynAnalysisRunner static constructor.
RoslynAnalysisRunner will not be running.
RoslynAnalysisRunner has terminated.
Mono: successfully reloaded assembly
- Completed reload, in  0.643 seconds
Platform modules already initialized, skipping
Refreshing native plugins compatible for Editor in 0.21 ms, found 0 plugins.
Preloading 0 native plugins for Editor in 0.00 ms.
Unloading 1309 Unused Serialized files (Serialized files now loaded: 0)
System memory in use before: 62.8 MB.
System memory in use after: 62.9 MB.

Unloading 5 unused Assets to reduce memory usage. Loaded Objects now: 1781.
Total: 2.272900 ms (FindLiveObjects: 0.314000 ms CreateObjectMapping: 0.078700 ms MarkObjects: 1.828200 ms  DeleteObjects: 0.048500 ms)

========================================================================
Received Prepare
Registering precompiled user dll's ...
Registered in 0.000594 seconds.
Begin MonoManager ReloadAssembly
Native extension for WindowsStandalone target not found
Refreshing native plugins compatible for Editor in 0.22 ms, found 0 plugins.
Preloading 0 native plugins for Editor in 0.00 ms.
Invoked RoslynAnalysisRunner static constructor.
RoslynAnalysisRunner will not be running.
RoslynAnalysisRunner has terminated.
Mono: successfully reloaded assembly
- Completed reload, in  0.617 seconds
Platform modules already initialized, skipping
Refreshing native plugins compatible for Editor in 0.22 ms, found 0 plugins.
Preloading 0 native plugins for Editor in 0.00 ms.
Unloading 1309 Unused Serialized files (Serialized files now loaded: 0)
System memory in use before: 62.9 MB.
System memory in use after: 62.9 MB.

Unloading 5 unused Assets to reduce memory usage. Loaded Objects now: 1783.
Total: 2.203200 ms (FindLiveObjects: 0.224100 ms CreateObjectMapping: 0.061400 ms MarkObjects: 1.859000 ms  DeleteObjects: 0.057200 ms)

========================================================================
Received Import Request.
  Time since last request: 66.227240 seconds.
  path: Assets/AStar/Runtime/Test/GridDrawer.cs
  artifactKey: Guid(689a81e679994b44592a2965ceee104e) Importer(815301076,1909f56bfc062723c751e8b465ee728b)
Start importing Assets/AStar/Runtime/Test/GridDrawer.cs using Guid(689a81e679994b44592a2965ceee104e) Importer(815301076,1909f56bfc062723c751e8b465ee728b)  -> (artifact id: '7df94c10855037ae8b6d624d92a0b792') in 0.008767 seconds
  Import took 0.011287 seconds .

========================================================================
Received Import Request.
  Time since last request: 11.018869 seconds.
  path: Assets/AStar/Runtime/Test/AStarGrid.asset
  artifactKey: Guid(e7f4e7bf6ed558d4aba2acdb7236f9ef) Importer(815301076,1909f56bfc062723c751e8b465ee728b)
Start importing Assets/AStar/Runtime/Test/AStarGrid.asset using Guid(e7f4e7bf6ed558d4aba2acdb7236f9ef) Importer(815301076,1909f56bfc062723c751e8b465ee728b)  -> (artifact id: '00af1701cb642ac4a33950c6a9b19896') in 0.013929 seconds
  Import took 0.016095 seconds .

========================================================================
Received Prepare
Registering precompiled user dll's ...
Registered in 0.000575 seconds.
Begin MonoManager ReloadAssembly
Native extension for WindowsStandalone target not found
Refreshing native plugins compatible for Editor in 0.22 ms, found 0 plugins.
Preloading 0 native plugins for Editor in 0.00 ms.
Invoked RoslynAnalysisRunner static constructor.
RoslynAnalysisRunner will not be running.
RoslynAnalysisRunner has terminated.
Mono: successfully reloaded assembly
- Completed reload, in  0.626 seconds
Platform modules already initialized, skipping
Refreshing native plugins compatible for Editor in 0.22 ms, found 0 plugins.
Preloading 0 native plugins for Editor in 0.00 ms.
Unloading 1309 Unused Serialized files (Serialized files now loaded: 0)
System memory in use before: 63.0 MB.
System memory in use after: 63.1 MB.

Unloading 5 unused Assets to reduce memory usage. Loaded Objects now: 1785.
Total: 1.839300 ms (FindLiveObjects: 0.210000 ms CreateObjectMapping: 0.046300 ms MarkObjects: 1.522100 ms  DeleteObjects: 0.058900 ms)

========================================================================
Received Import Request.
  Time since last request: 45.389874 seconds.
  path: Assets/AStar/Runtime/Test/AStarGrid.asset
  artifactKey: Guid(e7f4e7bf6ed558d4aba2acdb7236f9ef) Importer(815301076,1909f56bfc062723c751e8b465ee728b)
Start importing Assets/AStar/Runtime/Test/AStarGrid.asset using Guid(e7f4e7bf6ed558d4aba2acdb7236f9ef) Importer(815301076,1909f56bfc062723c751e8b465ee728b)  -> (artifact id: 'bc22d22238b5c82655adaff3e3f414ab') in 0.011305 seconds
  Import took 0.013397 seconds .

========================================================================
Received Prepare
Registering precompiled user dll's ...
Registered in 0.000590 seconds.
Begin MonoManager ReloadAssembly
Native extension for WindowsStandalone target not found
Refreshing native plugins compatible for Editor in 0.23 ms, found 0 plugins.
Preloading 0 native plugins for Editor in 0.00 ms.
Invoked RoslynAnalysisRunner static constructor.
RoslynAnalysisRunner will not be running.
RoslynAnalysisRunner has terminated.
Mono: successfully reloaded assembly
- Completed reload, in  0.639 seconds
Platform modules already initialized, skipping
Refreshing native plugins compatible for Editor in 0.22 ms, found 0 plugins.
Preloading 0 native plugins for Editor in 0.00 ms.
Unloading 1309 Unused Serialized files (Serialized files now loaded: 0)
System memory in use before: 63.0 MB.
System memory in use after: 63.1 MB.

Unloading 5 unused Assets to reduce memory usage. Loaded Objects now: 1787.
Total: 1.564100 ms (FindLiveObjects: 0.153600 ms CreateObjectMapping: 0.028500 ms MarkObjects: 1.337200 ms  DeleteObjects: 0.043700 ms)

========================================================================
Received Prepare
Registering precompiled user dll's ...
Registered in 0.000600 seconds.
Begin MonoManager ReloadAssembly
Native extension for WindowsStandalone target not found
Refreshing native plugins compatible for Editor in 0.22 ms, found 0 plugins.
Preloading 0 native plugins for Editor in 0.00 ms.
Invoked RoslynAnalysisRunner static constructor.
RoslynAnalysisRunner will not be running.
RoslynAnalysisRunner has terminated.
Mono: successfully reloaded assembly
- Completed reload, in  0.616 seconds
Platform modules already initialized, skipping
Refreshing native plugins compatible for Editor in 0.21 ms, found 0 plugins.
Preloading 0 native plugins for Editor in 0.00 ms.
Unloading 1309 Unused Serialized files (Serialized files now loaded: 0)
System memory in use before: 63.1 MB.
System memory in use after: 63.2 MB.

Unloading 5 unused Assets to reduce memory usage. Loaded Objects now: 1789.
Total: 2.271600 ms (FindLiveObjects: 0.284600 ms CreateObjectMapping: 0.059700 ms MarkObjects: 1.879800 ms  DeleteObjects: 0.045700 ms)

========================================================================
Received Import Request.
  Time since last request: 255.148013 seconds.
  path: Assets/AStar/Runtime/Test/GridDrawer.cs
  artifactKey: Guid(689a81e679994b44592a2965ceee104e) Importer(815301076,1909f56bfc062723c751e8b465ee728b)
Start importing Assets/AStar/Runtime/Test/GridDrawer.cs using Guid(689a81e679994b44592a2965ceee104e) Importer(815301076,1909f56bfc062723c751e8b465ee728b)  -> (artifact id: '9dc6a1c77055989643dc2a0c88daf11b') in 0.009138 seconds
  Import took 0.011555 seconds .

========================================================================
Received Import Request.
  Time since last request: 0.016322 seconds.
  path: Assets/AStar/Runtime/Test/GridDrawer.cs
  artifactKey: Guid(689a81e679994b44592a2965ceee104e) Importer(815301076,1909f56bfc062723c751e8b465ee728b)
Start importing Assets/AStar/Runtime/Test/GridDrawer.cs using Guid(689a81e679994b44592a2965ceee104e) Importer(815301076,1909f56bfc062723c751e8b465ee728b)  -> (artifact id: '9dc6a1c77055989643dc2a0c88daf11b') in 0.002779 seconds
  Import took 0.005262 seconds .

========================================================================
Received Prepare
Registering precompiled user dll's ...
Registered in 0.000584 seconds.
Begin MonoManager ReloadAssembly
Native extension for WindowsStandalone target not found
Refreshing native plugins compatible for Editor in 0.22 ms, found 0 plugins.
Preloading 0 native plugins for Editor in 0.00 ms.
Invoked RoslynAnalysisRunner static constructor.
RoslynAnalysisRunner will not be running.
RoslynAnalysisRunner has terminated.
Mono: successfully reloaded assembly
- Completed reload, in  0.635 seconds
Platform modules already initialized, skipping
Refreshing native plugins compatible for Editor in 0.21 ms, found 0 plugins.
Preloading 0 native plugins for Editor in 0.00 ms.
Unloading 1310 Unused Serialized files (Serialized files now loaded: 0)
System memory in use before: 63.2 MB.
System memory in use after: 63.3 MB.

Unloading 5 unused Assets to reduce memory usage. Loaded Objects now: 1792.
Total: 1.518700 ms (FindLiveObjects: 0.210100 ms CreateObjectMapping: 0.028500 ms MarkObjects: 1.229400 ms  DeleteObjects: 0.049600 ms)

========================================================================
Received Import Request.
  Time since last request: 957.233511 seconds.
  path: Assets/AStar/Runtime/Design/AStarGrid.asset
  artifactKey: Guid(e7f4e7bf6ed558d4aba2acdb7236f9ef) Importer(815301076,1909f56bfc062723c751e8b465ee728b)
Start importing Assets/AStar/Runtime/Design/AStarGrid.asset using Guid(e7f4e7bf6ed558d4aba2acdb7236f9ef) Importer(815301076,1909f56bfc062723c751e8b465ee728b)  -> (artifact id: '08d8fbb5a39b1f7557c7c0396ec69412') in 0.011586 seconds
  Import took 0.013602 seconds .

========================================================================
Received Prepare
Registering precompiled user dll's ...
Registered in 0.000647 seconds.
Begin MonoManager ReloadAssembly
Native extension for WindowsStandalone target not found
Refreshing native plugins compatible for Editor in 0.22 ms, found 0 plugins.
Preloading 0 native plugins for Editor in 0.00 ms.
Invoked RoslynAnalysisRunner static constructor.
RoslynAnalysisRunner will not be running.
RoslynAnalysisRunner has terminated.
Mono: successfully reloaded assembly
- Completed reload, in  0.626 seconds
Platform modules already initialized, skipping
Refreshing native plugins compatible for Editor in 0.22 ms, found 0 plugins.
Preloading 0 native plugins for Editor in 0.00 ms.
Unloading 1310 Unused Serialized files (Serialized files now loaded: 0)
System memory in use before: 63.3 MB.
System memory in use after: 63.4 MB.

Unloading 5 unused Assets to reduce memory usage. Loaded Objects now: 1794.
Total: 2.271600 ms (FindLiveObjects: 0.300400 ms CreateObjectMapping: 0.075900 ms MarkObjects: 1.850600 ms  DeleteObjects: 0.042700 ms)

========================================================================
Received Import Request.
  Time since last request: 52.182409 seconds.
  path: Assets/AStar/Runtime/Design/AStarGrid.asset
  artifactKey: Guid(e7f4e7bf6ed558d4aba2acdb7236f9ef) Importer(815301076,1909f56bfc062723c751e8b465ee728b)
Start importing Assets/AStar/Runtime/Design/AStarGrid.asset using Guid(e7f4e7bf6ed558d4aba2acdb7236f9ef) Importer(815301076,1909f56bfc062723c751e8b465ee728b)  -> (artifact id: '700ef395dedfe1195423fb2ecbf05b28') in 0.012332 seconds
  Import took 0.014491 seconds .

========================================================================
Received Prepare
Registering precompiled user dll's ...
Registered in 0.000607 seconds.
Begin MonoManager ReloadAssembly
Native extension for WindowsStandalone target not found
Refreshing native plugins compatible for Editor in 0.22 ms, found 0 plugins.
Preloading 0 native plugins for Editor in 0.00 ms.
Invoked RoslynAnalysisRunner static constructor.
RoslynAnalysisRunner will not be running.
RoslynAnalysisRunner has terminated.
Mono: successfully reloaded assembly
- Completed reload, in  0.636 seconds
Platform modules already initialized, skipping
Refreshing native plugins compatible for Editor in 0.22 ms, found 0 plugins.
Preloading 0 native plugins for Editor in 0.00 ms.
Unloading 1310 Unused Serialized files (Serialized files now loaded: 0)
System memory in use before: 63.3 MB.
System memory in use after: 63.4 MB.

Unloading 5 unused Assets to reduce memory usage. Loaded Objects now: 1796.
Total: 2.494900 ms (FindLiveObjects: 0.225300 ms CreateObjectMapping: 0.056900 ms MarkObjects: 2.168500 ms  DeleteObjects: 0.043200 ms)

========================================================================
Received Prepare
Registering precompiled user dll's ...
Registered in 0.000616 seconds.
Begin MonoManager ReloadAssembly
Native extension for WindowsStandalone target not found
Refreshing native plugins compatible for Editor in 0.25 ms, found 0 plugins.
Preloading 0 native plugins for Editor in 0.00 ms.
Invoked RoslynAnalysisRunner static constructor.
RoslynAnalysisRunner will not be running.
RoslynAnalysisRunner has terminated.
Mono: successfully reloaded assembly
- Completed reload, in  0.664 seconds
Platform modules already initialized, skipping
Refreshing native plugins compatible for Editor in 0.24 ms, found 0 plugins.
Preloading 0 native plugins for Editor in 0.00 ms.
Unloading 1310 Unused Serialized files (Serialized files now loaded: 0)
System memory in use before: 63.4 MB.
System memory in use after: 63.5 MB.

Unloading 5 unused Assets to reduce memory usage. Loaded Objects now: 1798.
Total: 2.023100 ms (FindLiveObjects: 0.209700 ms CreateObjectMapping: 0.033400 ms MarkObjects: 1.731600 ms  DeleteObjects: 0.046700 ms)

========================================================================
Received Import Request.
  Time since last request: 203.923384 seconds.
  path: Assets/AStar/Runtime/Design/AStarGrid.asset
  artifactKey: Guid(e7f4e7bf6ed558d4aba2acdb7236f9ef) Importer(815301076,1909f56bfc062723c751e8b465ee728b)
Start importing Assets/AStar/Runtime/Design/AStarGrid.asset using Guid(e7f4e7bf6ed558d4aba2acdb7236f9ef) Importer(815301076,1909f56bfc062723c751e8b465ee728b)  -> (artifact id: '839a7e13d31c9e2d1eda7cd75cadf30c') in 0.011224 seconds
  Import took 0.014066 seconds .

========================================================================
Received Prepare
Registering precompiled user dll's ...
Registered in 0.000594 seconds.
Begin MonoManager ReloadAssembly
Native extension for WindowsStandalone target not found
Refreshing native plugins compatible for Editor in 0.31 ms, found 0 plugins.
Preloading 0 native plugins for Editor in 0.00 ms.
Invoked RoslynAnalysisRunner static constructor.
RoslynAnalysisRunner will not be running.
RoslynAnalysisRunner has terminated.
Mono: successfully reloaded assembly
- Completed reload, in  0.635 seconds
Platform modules already initialized, skipping
Refreshing native plugins compatible for Editor in 0.22 ms, found 0 plugins.
Preloading 0 native plugins for Editor in 0.00 ms.
Unloading 1310 Unused Serialized files (Serialized files now loaded: 0)
System memory in use before: 63.5 MB.
System memory in use after: 63.6 MB.

Unloading 5 unused Assets to reduce memory usage. Loaded Objects now: 1800.
Total: 1.709000 ms (FindLiveObjects: 0.261100 ms CreateObjectMapping: 0.053000 ms MarkObjects: 1.348500 ms  DeleteObjects: 0.044600 ms)

========================================================================
Received Prepare
Registering precompiled user dll's ...
Registered in 0.000622 seconds.
Begin MonoManager ReloadAssembly
Native extension for WindowsStandalone target not found
Refreshing native plugins compatible for Editor in 0.23 ms, found 0 plugins.
Preloading 0 native plugins for Editor in 0.00 ms.
Invoked RoslynAnalysisRunner static constructor.
RoslynAnalysisRunner will not be running.
RoslynAnalysisRunner has terminated.
Mono: successfully reloaded assembly
- Completed reload, in  0.633 seconds
Platform modules already initialized, skipping
Refreshing native plugins compatible for Editor in 0.21 ms, found 0 plugins.
Preloading 0 native plugins for Editor in 0.00 ms.
Unloading 1310 Unused Serialized files (Serialized files now loaded: 0)
System memory in use before: 63.5 MB.
System memory in use after: 63.6 MB.

Unloading 5 unused Assets to reduce memory usage. Loaded Objects now: 1802.
Total: 2.256100 ms (FindLiveObjects: 0.476400 ms CreateObjectMapping: 0.101300 ms MarkObjects: 1.630900 ms  DeleteObjects: 0.045100 ms)

========================================================================
Received Prepare
Registering precompiled user dll's ...
Registered in 0.000610 seconds.
Begin MonoManager ReloadAssembly
Native extension for WindowsStandalone target not found
Refreshing native plugins compatible for Editor in 0.24 ms, found 0 plugins.
Preloading 0 native plugins for Editor in 0.00 ms.
Invoked RoslynAnalysisRunner static constructor.
RoslynAnalysisRunner will not be running.
RoslynAnalysisRunner has terminated.
Mono: successfully reloaded assembly
- Completed reload, in  0.635 seconds
Platform modules already initialized, skipping
Refreshing native plugins compatible for Editor in 0.21 ms, found 0 plugins.
Preloading 0 native plugins for Editor in 0.00 ms.
Unloading 1311 Unused Serialized files (Serialized files now loaded: 0)
System memory in use before: 63.6 MB.
System memory in use after: 63.7 MB.

Unloading 5 unused Assets to reduce memory usage. Loaded Objects now: 1805.
Total: 2.266300 ms (FindLiveObjects: 0.439300 ms CreateObjectMapping: 0.076700 ms MarkObjects: 1.701800 ms  DeleteObjects: 0.046600 ms)

========================================================================
Received Prepare
Registering precompiled user dll's ...
Registered in 0.000637 seconds.
Begin MonoManager ReloadAssembly
Native extension for WindowsStandalone target not found
Refreshing native plugins compatible for Editor in 0.22 ms, found 0 plugins.
Preloading 0 native plugins for Editor in 0.00 ms.
Invoked RoslynAnalysisRunner static constructor.
RoslynAnalysisRunner will not be running.
RoslynAnalysisRunner has terminated.
Mono: successfully reloaded assembly
- Completed reload, in  0.621 seconds
Platform modules already initialized, skipping
Refreshing native plugins compatible for Editor in 0.22 ms, found 0 plugins.
Preloading 0 native plugins for Editor in 0.00 ms.
Unloading 1311 Unused Serialized files (Serialized files now loaded: 0)
System memory in use before: 63.7 MB.
System memory in use after: 63.8 MB.

Unloading 5 unused Assets to reduce memory usage. Loaded Objects now: 1807.
Total: 2.575600 ms (FindLiveObjects: 0.236800 ms CreateObjectMapping: 0.073400 ms MarkObjects: 2.220700 ms  DeleteObjects: 0.043800 ms)

========================================================================
Received Import Request.
  Time since last request: 2062.247634 seconds.
  path: Assets/AStar/Runtime/Design/AStarGrid.asset
  artifactKey: Guid(e7f4e7bf6ed558d4aba2acdb7236f9ef) Importer(815301076,1909f56bfc062723c751e8b465ee728b)
Start importing Assets/AStar/Runtime/Design/AStarGrid.asset using Guid(e7f4e7bf6ed558d4aba2acdb7236f9ef) Importer(815301076,1909f56bfc062723c751e8b465ee728b)  -> (artifact id: '7c9a94e040a6d9a0b1780aaded019edb') in 0.011295 seconds
  Import took 0.013382 seconds .

========================================================================
Received Import Request.
  Time since last request: 29.143465 seconds.
  path: Assets/AStar/Runtime/Design/AStarGrid.asset
  artifactKey: Guid(e7f4e7bf6ed558d4aba2acdb7236f9ef) Importer(815301076,1909f56bfc062723c751e8b465ee728b)
Start importing Assets/AStar/Runtime/Design/AStarGrid.asset using Guid(e7f4e7bf6ed558d4aba2acdb7236f9ef) Importer(815301076,1909f56bfc062723c751e8b465ee728b)  -> (artifact id: 'a67487efd83b33308ca6ed424b8e842b') in 0.006997 seconds
  Import took 0.009352 seconds .

========================================================================
Received Prepare
Registering precompiled user dll's ...
Registered in 0.000600 seconds.
Begin MonoManager ReloadAssembly
Native extension for WindowsStandalone target not found
Refreshing native plugins compatible for Editor in 0.22 ms, found 0 plugins.
Preloading 0 native plugins for Editor in 0.00 ms.
Invoked RoslynAnalysisRunner static constructor.
RoslynAnalysisRunner will not be running.
RoslynAnalysisRunner has terminated.
Mono: successfully reloaded assembly
- Completed reload, in  0.633 seconds
Platform modules already initialized, skipping
Refreshing native plugins compatible for Editor in 0.21 ms, found 0 plugins.
Preloading 0 native plugins for Editor in 0.00 ms.
Unloading 1311 Unused Serialized files (Serialized files now loaded: 0)
System memory in use before: 63.8 MB.
System memory in use after: 63.9 MB.

Unloading 5 unused Assets to reduce memory usage. Loaded Objects now: 1809.
Total: 2.176300 ms (FindLiveObjects: 0.297800 ms CreateObjectMapping: 0.078100 ms MarkObjects: 1.753700 ms  DeleteObjects: 0.044600 ms)

========================================================================
Received Prepare
Registering precompiled user dll's ...
Registered in 0.000602 seconds.
Begin MonoManager ReloadAssembly
Native extension for WindowsStandalone target not found
Refreshing native plugins compatible for Editor in 0.22 ms, found 0 plugins.
Preloading 0 native plugins for Editor in 0.00 ms.
Invoked RoslynAnalysisRunner static constructor.
RoslynAnalysisRunner will not be running.
RoslynAnalysisRunner has terminated.
Mono: successfully reloaded assembly
- Completed reload, in  0.636 seconds
Platform modules already initialized, skipping
Refreshing native plugins compatible for Editor in 0.23 ms, found 0 plugins.
Preloading 0 native plugins for Editor in 0.00 ms.
Unloading 1311 Unused Serialized files (Serialized files now loaded: 0)
System memory in use before: 63.8 MB.
System memory in use after: 63.9 MB.

Unloading 5 unused Assets to reduce memory usage. Loaded Objects now: 1811.
Total: 2.542000 ms (FindLiveObjects: 0.292100 ms CreateObjectMapping: 0.079800 ms MarkObjects: 2.122200 ms  DeleteObjects: 0.046400 ms)

========================================================================
Received Import Request.
  Time since last request: 127.700681 seconds.
  path: Assets/AStar/Runtime/Design/AStarGrid.asset
  artifactKey: Guid(e7f4e7bf6ed558d4aba2acdb7236f9ef) Importer(815301076,1909f56bfc062723c751e8b465ee728b)
Start importing Assets/AStar/Runtime/Design/AStarGrid.asset using Guid(e7f4e7bf6ed558d4aba2acdb7236f9ef) Importer(815301076,1909f56bfc062723c751e8b465ee728b)  -> (artifact id: '8182ba21eb27d8115ed30f14952a45bb') in 0.013837 seconds
  Import took 0.015890 seconds .

========================================================================
Received Prepare
Registering precompiled user dll's ...
Registered in 0.000614 seconds.
Begin MonoManager ReloadAssembly
Native extension for WindowsStandalone target not found
Refreshing native plugins compatible for Editor in 0.22 ms, found 0 plugins.
Preloading 0 native plugins for Editor in 0.00 ms.
Invoked RoslynAnalysisRunner static constructor.
RoslynAnalysisRunner will not be running.
RoslynAnalysisRunner has terminated.
Mono: successfully reloaded assembly
- Completed reload, in  0.626 seconds
Platform modules already initialized, skipping
Refreshing native plugins compatible for Editor in 0.22 ms, found 0 plugins.
Preloading 0 native plugins for Editor in 0.00 ms.
Unloading 1311 Unused Serialized files (Serialized files now loaded: 0)
System memory in use before: 63.9 MB.
System memory in use after: 64.0 MB.

Unloading 5 unused Assets to reduce memory usage. Loaded Objects now: 1813.
Total: 1.695600 ms (FindLiveObjects: 0.224900 ms CreateObjectMapping: 0.054100 ms MarkObjects: 1.370900 ms  DeleteObjects: 0.044400 ms)

========================================================================
Received Prepare
Registering precompiled user dll's ...
Registered in 0.000584 seconds.
Begin MonoManager ReloadAssembly
Native extension for WindowsStandalone target not found
Refreshing native plugins compatible for Editor in 0.22 ms, found 0 plugins.
Preloading 0 native plugins for Editor in 0.00 ms.
Invoked RoslynAnalysisRunner static constructor.
RoslynAnalysisRunner will not be running.
RoslynAnalysisRunner has terminated.
Mono: successfully reloaded assembly
- Completed reload, in  0.639 seconds
Platform modules already initialized, skipping
Refreshing native plugins compatible for Editor in 0.22 ms, found 0 plugins.
Preloading 0 native plugins for Editor in 0.00 ms.
Unloading 1311 Unused Serialized files (Serialized files now loaded: 0)
System memory in use before: 64.0 MB.
System memory in use after: 64.0 MB.

Unloading 5 unused Assets to reduce memory usage. Loaded Objects now: 1815.
Total: 2.317600 ms (FindLiveObjects: 0.309200 ms CreateObjectMapping: 0.079500 ms MarkObjects: 1.865900 ms  DeleteObjects: 0.060800 ms)

========================================================================
Received Prepare
Registering precompiled user dll's ...
Registered in 0.000591 seconds.
Begin MonoManager ReloadAssembly
Native extension for WindowsStandalone target not found
Refreshing native plugins compatible for Editor in 0.23 ms, found 0 plugins.
Preloading 0 native plugins for Editor in 0.00 ms.
Invoked RoslynAnalysisRunner static constructor.
RoslynAnalysisRunner will not be running.
RoslynAnalysisRunner has terminated.
Mono: successfully reloaded assembly
- Completed reload, in  0.630 seconds
Platform modules already initialized, skipping
Refreshing native plugins compatible for Editor in 0.23 ms, found 0 plugins.
Preloading 0 native plugins for Editor in 0.00 ms.
Unloading 1311 Unused Serialized files (Serialized files now loaded: 0)
System memory in use before: 63.0 MB.
System memory in use after: 63.1 MB.

Unloading 5 unused Assets to reduce memory usage. Loaded Objects now: 1817.
Total: 2.111600 ms (FindLiveObjects: 0.249100 ms CreateObjectMapping: 0.054500 ms MarkObjects: 1.758700 ms  DeleteObjects: 0.047600 ms)

========================================================================
Received Prepare
Registering precompiled user dll's ...
Registered in 0.000586 seconds.
Begin MonoManager ReloadAssembly
Native extension for WindowsStandalone target not found
Refreshing native plugins compatible for Editor in 0.22 ms, found 0 plugins.
Preloading 0 native plugins for Editor in 0.00 ms.
Invoked RoslynAnalysisRunner static constructor.
RoslynAnalysisRunner will not be running.
RoslynAnalysisRunner has terminated.
Mono: successfully reloaded assembly
- Completed reload, in  0.633 seconds
Platform modules already initialized, skipping
Refreshing native plugins compatible for Editor in 0.22 ms, found 0 plugins.
Preloading 0 native plugins for Editor in 0.00 ms.
Unloading 1311 Unused Serialized files (Serialized files now loaded: 0)
System memory in use before: 63.1 MB.
System memory in use after: 63.2 MB.

Unloading 5 unused Assets to reduce memory usage. Loaded Objects now: 1819.
Total: 2.368400 ms (FindLiveObjects: 0.267500 ms CreateObjectMapping: 0.082300 ms MarkObjects: 1.966300 ms  DeleteObjects: 0.050600 ms)

========================================================================
Received Prepare
Registering precompiled user dll's ...
Registered in 0.000563 seconds.
Begin MonoManager ReloadAssembly
Native extension for WindowsStandalone target not found
Refreshing native plugins compatible for Editor in 0.24 ms, found 0 plugins.
Preloading 0 native plugins for Editor in 0.00 ms.
Invoked RoslynAnalysisRunner static constructor.
RoslynAnalysisRunner will not be running.
RoslynAnalysisRunner has terminated.
Mono: successfully reloaded assembly
- Completed reload, in  0.638 seconds
Platform modules already initialized, skipping
Refreshing native plugins compatible for Editor in 0.22 ms, found 0 plugins.
Preloading 0 native plugins for Editor in 0.00 ms.
Unloading 1311 Unused Serialized files (Serialized files now loaded: 0)
System memory in use before: 63.2 MB.
System memory in use after: 63.3 MB.

Unloading 5 unused Assets to reduce memory usage. Loaded Objects now: 1821.
Total: 1.863700 ms (FindLiveObjects: 0.315000 ms CreateObjectMapping: 0.056800 ms MarkObjects: 1.442100 ms  DeleteObjects: 0.047900 ms)

========================================================================
Received Prepare
Registering precompiled user dll's ...
Registered in 0.000612 seconds.
Begin MonoManager ReloadAssembly
Native extension for WindowsStandalone target not found
Refreshing native plugins compatible for Editor in 0.23 ms, found 0 plugins.
Preloading 0 native plugins for Editor in 0.00 ms.
Invoked RoslynAnalysisRunner static constructor.
RoslynAnalysisRunner will not be running.
RoslynAnalysisRunner has terminated.
Mono: successfully reloaded assembly
- Completed reload, in  0.649 seconds
Platform modules already initialized, skipping
Refreshing native plugins compatible for Editor in 0.21 ms, found 0 plugins.
Preloading 0 native plugins for Editor in 0.00 ms.
Unloading 1311 Unused Serialized files (Serialized files now loaded: 0)
System memory in use before: 63.3 MB.
System memory in use after: 63.3 MB.

Unloading 5 unused Assets to reduce memory usage. Loaded Objects now: 1823.
Total: 2.249400 ms (FindLiveObjects: 0.381500 ms CreateObjectMapping: 0.096200 ms MarkObjects: 1.724100 ms  DeleteObjects: 0.045500 ms)

========================================================================
Received Prepare
Registering precompiled user dll's ...
Registered in 0.001014 seconds.
Begin MonoManager ReloadAssembly
Native extension for WindowsStandalone target not found
Refreshing native plugins compatible for Editor in 0.22 ms, found 0 plugins.
Preloading 0 native plugins for Editor in 0.00 ms.
Invoked RoslynAnalysisRunner static constructor.
RoslynAnalysisRunner will not be running.
RoslynAnalysisRunner has terminated.
Mono: successfully reloaded assembly
- Completed reload, in  0.635 seconds
Platform modules already initialized, skipping
Refreshing native plugins compatible for Editor in 0.22 ms, found 0 plugins.
Preloading 0 native plugins for Editor in 0.00 ms.
Unloading 1311 Unused Serialized files (Serialized files now loaded: 0)
System memory in use before: 63.3 MB.
System memory in use after: 63.4 MB.

Unloading 5 unused Assets to reduce memory usage. Loaded Objects now: 1825.
Total: 2.111200 ms (FindLiveObjects: 0.278900 ms CreateObjectMapping: 0.031900 ms MarkObjects: 1.739300 ms  DeleteObjects: 0.058700 ms)

========================================================================
Received Import Request.
  Time since last request: 4772.756880 seconds.
  path: Assets/AStar/Runtime/Design/AStarGrid.asset
  artifactKey: Guid(e7f4e7bf6ed558d4aba2acdb7236f9ef) Importer(815301076,1909f56bfc062723c751e8b465ee728b)
Start importing Assets/AStar/Runtime/Design/AStarGrid.asset using Guid(e7f4e7bf6ed558d4aba2acdb7236f9ef) Importer(815301076,1909f56bfc062723c751e8b465ee728b)  -> (artifact id: '554a54244920a099604c5e941305dac5') in 0.011031 seconds
  Import took 0.013854 seconds .

========================================================================
Received Import Request.
  Time since last request: 0.011116 seconds.
  path: Assets/AStar/Runtime/Design/AStarGrid.asset
  artifactKey: Guid(e7f4e7bf6ed558d4aba2acdb7236f9ef) Importer(815301076,1909f56bfc062723c751e8b465ee728b)
Start importing Assets/AStar/Runtime/Design/AStarGrid.asset using Guid(e7f4e7bf6ed558d4aba2acdb7236f9ef) Importer(815301076,1909f56bfc062723c751e8b465ee728b)  -> (artifact id: '554a54244920a099604c5e941305dac5') in 0.003433 seconds
  Import took 0.005857 seconds .

========================================================================
Received Prepare
Registering precompiled user dll's ...
Registered in 0.000631 seconds.
Begin MonoManager ReloadAssembly
Native extension for WindowsStandalone target not found
Refreshing native plugins compatible for Editor in 0.25 ms, found 0 plugins.
Preloading 0 native plugins for Editor in 0.00 ms.
Invoked RoslynAnalysisRunner static constructor.
RoslynAnalysisRunner will not be running.
RoslynAnalysisRunner has terminated.
Mono: successfully reloaded assembly
- Completed reload, in  0.621 seconds
Platform modules already initialized, skipping
Refreshing native plugins compatible for Editor in 0.22 ms, found 0 plugins.
Preloading 0 native plugins for Editor in 0.00 ms.
Unloading 1311 Unused Serialized files (Serialized files now loaded: 0)
System memory in use before: 63.4 MB.
System memory in use after: 63.5 MB.

Unloading 5 unused Assets to reduce memory usage. Loaded Objects now: 1827.
Total: 2.255500 ms (FindLiveObjects: 0.470000 ms CreateObjectMapping: 0.032500 ms MarkObjects: 1.701900 ms  DeleteObjects: 0.048600 ms)

========================================================================
Received Import Request.
  Time since last request: 15.952388 seconds.
  path: Assets/AStar/Runtime/Design/AStarGrid.asset
  artifactKey: Guid(e7f4e7bf6ed558d4aba2acdb7236f9ef) Importer(815301076,1909f56bfc062723c751e8b465ee728b)
Start importing Assets/AStar/Runtime/Design/AStarGrid.asset using Guid(e7f4e7bf6ed558d4aba2acdb7236f9ef) Importer(815301076,1909f56bfc062723c751e8b465ee728b)  -> (artifact id: 'caf929d2a7b841aab445cd8e5940b8a3') in 0.010625 seconds
  Import took 0.013573 seconds .

========================================================================
Received Import Request.
  Time since last request: 18.709059 seconds.
  path: Assets/AStar/Runtime/Design/AStarObstacle.cs
  artifactKey: Guid(fe20c9fb6521f2f44af0ac40d9c46824) Importer(815301076,1909f56bfc062723c751e8b465ee728b)
Start importing Assets/AStar/Runtime/Design/AStarObstacle.cs using Guid(fe20c9fb6521f2f44af0ac40d9c46824) Importer(815301076,1909f56bfc062723c751e8b465ee728b)  -> (artifact id: '3b0d6800985622bd80dc889f8781bf5d') in 0.008458 seconds
  Import took 0.010363 seconds .

========================================================================
Received Import Request.
  Time since last request: 12.216798 seconds.
  path: Assets/AStar/Runtime/Design/AStarGrid.asset
  artifactKey: Guid(e7f4e7bf6ed558d4aba2acdb7236f9ef) Importer(815301076,1909f56bfc062723c751e8b465ee728b)
Start importing Assets/AStar/Runtime/Design/AStarGrid.asset using Guid(e7f4e7bf6ed558d4aba2acdb7236f9ef) Importer(815301076,1909f56bfc062723c751e8b465ee728b)  -> (artifact id: 'e6cdf49e530be4a1255c3519ed741fd9') in 0.003819 seconds
  Import took 0.005820 seconds .

========================================================================
Received Prepare
Registering precompiled user dll's ...
Registered in 0.000639 seconds.
Begin MonoManager ReloadAssembly
Native extension for WindowsStandalone target not found
Refreshing native plugins compatible for Editor in 0.22 ms, found 0 plugins.
Preloading 0 native plugins for Editor in 0.00 ms.
Invoked RoslynAnalysisRunner static constructor.
RoslynAnalysisRunner will not be running.
RoslynAnalysisRunner has terminated.
Mono: successfully reloaded assembly
- Completed reload, in  0.625 seconds
Platform modules already initialized, skipping
Refreshing native plugins compatible for Editor in 0.21 ms, found 0 plugins.
Preloading 0 native plugins for Editor in 0.00 ms.
Unloading 1311 Unused Serialized files (Serialized files now loaded: 0)
System memory in use before: 63.5 MB.
System memory in use after: 63.5 MB.

Unloading 5 unused Assets to reduce memory usage. Loaded Objects now: 1829.
Total: 1.681300 ms (FindLiveObjects: 0.181000 ms CreateObjectMapping: 0.033900 ms MarkObjects: 1.420400 ms  DeleteObjects: 0.044700 ms)

========================================================================
Received Prepare
Registering precompiled user dll's ...
Registered in 0.000596 seconds.
Begin MonoManager ReloadAssembly
Native extension for WindowsStandalone target not found
Refreshing native plugins compatible for Editor in 0.23 ms, found 0 plugins.
Preloading 0 native plugins for Editor in 0.00 ms.
Invoked RoslynAnalysisRunner static constructor.
RoslynAnalysisRunner will not be running.
RoslynAnalysisRunner has terminated.
Mono: successfully reloaded assembly
- Completed reload, in  0.636 seconds
Platform modules already initialized, skipping
Refreshing native plugins compatible for Editor in 0.22 ms, found 0 plugins.
Preloading 0 native plugins for Editor in 0.00 ms.
Unloading 1311 Unused Serialized files (Serialized files now loaded: 0)
System memory in use before: 63.5 MB.
System memory in use after: 63.6 MB.

Unloading 5 unused Assets to reduce memory usage. Loaded Objects now: 1831.
Total: 2.299600 ms (FindLiveObjects: 0.218600 ms CreateObjectMapping: 0.052700 ms MarkObjects: 1.980300 ms  DeleteObjects: 0.046500 ms)

========================================================================
Received Prepare
Registering precompiled user dll's ...
Registered in 0.000589 seconds.
Begin MonoManager ReloadAssembly
Native extension for WindowsStandalone target not found
Refreshing native plugins compatible for Editor in 0.22 ms, found 0 plugins.
Preloading 0 native plugins for Editor in 0.00 ms.
Invoked RoslynAnalysisRunner static constructor.
RoslynAnalysisRunner will not be running.
RoslynAnalysisRunner has terminated.
Mono: successfully reloaded assembly
- Completed reload, in  0.638 seconds
Platform modules already initialized, skipping
Refreshing native plugins compatible for Editor in 0.22 ms, found 0 plugins.
Preloading 0 native plugins for Editor in 0.00 ms.
Unloading 1311 Unused Serialized files (Serialized files now loaded: 0)
System memory in use before: 63.6 MB.
System memory in use after: 63.7 MB.

Unloading 5 unused Assets to reduce memory usage. Loaded Objects now: 1833.
Total: 1.755700 ms (FindLiveObjects: 0.235000 ms CreateObjectMapping: 0.059000 ms MarkObjects: 1.416600 ms  DeleteObjects: 0.043600 ms)

========================================================================
Received Prepare
Registering precompiled user dll's ...
Registered in 0.000618 seconds.
Begin MonoManager ReloadAssembly
Native extension for WindowsStandalone target not found
Refreshing native plugins compatible for Editor in 0.22 ms, found 0 plugins.
Preloading 0 native plugins for Editor in 0.00 ms.
Invoked RoslynAnalysisRunner static constructor.
RoslynAnalysisRunner will not be running.
RoslynAnalysisRunner has terminated.
Mono: successfully reloaded assembly
- Completed reload, in  0.628 seconds
Platform modules already initialized, skipping
Refreshing native plugins compatible for Editor in 0.23 ms, found 0 plugins.
Preloading 0 native plugins for Editor in 0.00 ms.
Unloading 1311 Unused Serialized files (Serialized files now loaded: 0)
System memory in use before: 63.7 MB.
System memory in use after: 63.8 MB.

Unloading 5 unused Assets to reduce memory usage. Loaded Objects now: 1835.
Total: 2.036200 ms (FindLiveObjects: 0.164900 ms CreateObjectMapping: 0.032500 ms MarkObjects: 1.796400 ms  DeleteObjects: 0.041300 ms)

========================================================================
Received Prepare
Registering precompiled user dll's ...
Registered in 0.000577 seconds.
Begin MonoManager ReloadAssembly
Native extension for WindowsStandalone target not found
Refreshing native plugins compatible for Editor in 0.23 ms, found 0 plugins.
Preloading 0 native plugins for Editor in 0.00 ms.
Invoked RoslynAnalysisRunner static constructor.
RoslynAnalysisRunner will not be running.
RoslynAnalysisRunner has terminated.
Mono: successfully reloaded assembly
- Completed reload, in  0.641 seconds
Platform modules already initialized, skipping
Refreshing native plugins compatible for Editor in 0.22 ms, found 0 plugins.
Preloading 0 native plugins for Editor in 0.00 ms.
Unloading 1311 Unused Serialized files (Serialized files now loaded: 0)
System memory in use before: 63.7 MB.
System memory in use after: 63.8 MB.

Unloading 5 unused Assets to reduce memory usage. Loaded Objects now: 1837.
Total: 1.589900 ms (FindLiveObjects: 0.224800 ms CreateObjectMapping: 0.053200 ms MarkObjects: 1.268500 ms  DeleteObjects: 0.042100 ms)

========================================================================
Received Prepare
Registering precompiled user dll's ...
Registered in 0.000588 seconds.
Begin MonoManager ReloadAssembly
Native extension for WindowsStandalone target not found
Refreshing native plugins compatible for Editor in 0.22 ms, found 0 plugins.
Preloading 0 native plugins for Editor in 0.00 ms.
Invoked RoslynAnalysisRunner static constructor.
RoslynAnalysisRunner will not be running.
RoslynAnalysisRunner has terminated.
Mono: successfully reloaded assembly
- Completed reload, in  0.642 seconds
Platform modules already initialized, skipping
Refreshing native plugins compatible for Editor in 0.22 ms, found 0 plugins.
Preloading 0 native plugins for Editor in 0.00 ms.
Unloading 1311 Unused Serialized files (Serialized files now loaded: 0)
System memory in use before: 63.8 MB.
System memory in use after: 63.9 MB.

Unloading 5 unused Assets to reduce memory usage. Loaded Objects now: 1839.
Total: 1.733600 ms (FindLiveObjects: 0.189600 ms CreateObjectMapping: 0.030300 ms MarkObjects: 1.453800 ms  DeleteObjects: 0.058600 ms)

========================================================================
Received Prepare
Registering precompiled user dll's ...
Registered in 0.000582 seconds.
Begin MonoManager ReloadAssembly
Native extension for WindowsStandalone target not found
Refreshing native plugins compatible for Editor in 0.22 ms, found 0 plugins.
Preloading 0 native plugins for Editor in 0.00 ms.
Invoked RoslynAnalysisRunner static constructor.
RoslynAnalysisRunner will not be running.
RoslynAnalysisRunner has terminated.
Mono: successfully reloaded assembly
- Completed reload, in  0.636 seconds
Platform modules already initialized, skipping
Refreshing native plugins compatible for Editor in 0.22 ms, found 0 plugins.
Preloading 0 native plugins for Editor in 0.00 ms.
Unloading 1311 Unused Serialized files (Serialized files now loaded: 0)
System memory in use before: 63.9 MB.
System memory in use after: 64.0 MB.

Unloading 5 unused Assets to reduce memory usage. Loaded Objects now: 1841.
Total: 2.044200 ms (FindLiveObjects: 0.403700 ms CreateObjectMapping: 0.040500 ms MarkObjects: 1.547900 ms  DeleteObjects: 0.049900 ms)

========================================================================
Received Prepare
Registering precompiled user dll's ...
Registered in 0.000659 seconds.
Begin MonoManager ReloadAssembly
Native extension for WindowsStandalone target not found
Refreshing native plugins compatible for Editor in 0.22 ms, found 0 plugins.
Preloading 0 native plugins for Editor in 0.00 ms.
Invoked RoslynAnalysisRunner static constructor.
RoslynAnalysisRunner will not be running.
RoslynAnalysisRunner has terminated.
Mono: successfully reloaded assembly
- Completed reload, in  0.629 seconds
Platform modules already initialized, skipping
Refreshing native plugins compatible for Editor in 0.21 ms, found 0 plugins.
Preloading 0 native plugins for Editor in 0.00 ms.
Unloading 1311 Unused Serialized files (Serialized files now loaded: 0)
System memory in use before: 63.9 MB.
System memory in use after: 64.0 MB.

Unloading 5 unused Assets to reduce memory usage. Loaded Objects now: 1843.
Total: 2.389900 ms (FindLiveObjects: 0.513100 ms CreateObjectMapping: 0.093100 ms MarkObjects: 1.731500 ms  DeleteObjects: 0.048500 ms)

========================================================================
Received Prepare
Registering precompiled user dll's ...
Registered in 0.000616 seconds.
Begin MonoManager ReloadAssembly
Native extension for WindowsStandalone target not found
Refreshing native plugins compatible for Editor in 0.23 ms, found 0 plugins.
Preloading 0 native plugins for Editor in 0.00 ms.
Invoked RoslynAnalysisRunner static constructor.
RoslynAnalysisRunner will not be running.
RoslynAnalysisRunner has terminated.
Mono: successfully reloaded assembly
- Completed reload, in  0.637 seconds
Platform modules already initialized, skipping
Refreshing native plugins compatible for Editor in 0.22 ms, found 0 plugins.
Preloading 0 native plugins for Editor in 0.00 ms.
Unloading 1311 Unused Serialized files (Serialized files now loaded: 0)
System memory in use before: 64.0 MB.
System memory in use after: 64.1 MB.

Unloading 5 unused Assets to reduce memory usage. Loaded Objects now: 1845.
Total: 2.218000 ms (FindLiveObjects: 0.302600 ms CreateObjectMapping: 0.074900 ms MarkObjects: 1.796500 ms  DeleteObjects: 0.042400 ms)

========================================================================
Received Prepare
Registering precompiled user dll's ...
Registered in 0.000606 seconds.
Begin MonoManager ReloadAssembly
Native extension for WindowsStandalone target not found
Refreshing native plugins compatible for Editor in 0.22 ms, found 0 plugins.
Preloading 0 native plugins for Editor in 0.00 ms.
Invoked RoslynAnalysisRunner static constructor.
RoslynAnalysisRunner will not be running.
RoslynAnalysisRunner has terminated.
Mono: successfully reloaded assembly
- Completed reload, in  0.641 seconds
Platform modules already initialized, skipping
Refreshing native plugins compatible for Editor in 0.22 ms, found 0 plugins.
Preloading 0 native plugins for Editor in 0.00 ms.
Unloading 1311 Unused Serialized files (Serialized files now loaded: 0)
System memory in use before: 64.0 MB.
System memory in use after: 64.1 MB.

Unloading 5 unused Assets to reduce memory usage. Loaded Objects now: 1847.
Total: 2.125300 ms (FindLiveObjects: 0.290600 ms CreateObjectMapping: 0.080200 ms MarkObjects: 1.692700 ms  DeleteObjects: 0.059500 ms)

========================================================================
Received Prepare
Registering precompiled user dll's ...
Registered in 0.000590 seconds.
Begin MonoManager ReloadAssembly
Native extension for WindowsStandalone target not found
Refreshing native plugins compatible for Editor in 0.23 ms, found 0 plugins.
Preloading 0 native plugins for Editor in 0.00 ms.
Invoked RoslynAnalysisRunner static constructor.
RoslynAnalysisRunner will not be running.
RoslynAnalysisRunner has terminated.
Mono: successfully reloaded assembly
- Completed reload, in  0.639 seconds
Platform modules already initialized, skipping
Refreshing native plugins compatible for Editor in 0.21 ms, found 0 plugins.
Preloading 0 native plugins for Editor in 0.00 ms.
Unloading 1311 Unused Serialized files (Serialized files now loaded: 0)
System memory in use before: 63.2 MB.
System memory in use after: 63.2 MB.

Unloading 5 unused Assets to reduce memory usage. Loaded Objects now: 1849.
Total: 2.157300 ms (FindLiveObjects: 0.269800 ms CreateObjectMapping: 0.054900 ms MarkObjects: 1.768000 ms  DeleteObjects: 0.062600 ms)

========================================================================
Received Prepare
Registering precompiled user dll's ...
Registered in 0.000598 seconds.
Begin MonoManager ReloadAssembly
Native extension for WindowsStandalone target not found
Refreshing native plugins compatible for Editor in 0.24 ms, found 0 plugins.
Preloading 0 native plugins for Editor in 0.00 ms.
Invoked RoslynAnalysisRunner static constructor.
RoslynAnalysisRunner will not be running.
RoslynAnalysisRunner has terminated.
Mono: successfully reloaded assembly
- Completed reload, in  0.649 seconds
Platform modules already initialized, skipping
Refreshing native plugins compatible for Editor in 0.25 ms, found 0 plugins.
Preloading 0 native plugins for Editor in 0.00 ms.
Unloading 1311 Unused Serialized files (Serialized files now loaded: 0)
System memory in use before: 63.2 MB.
System memory in use after: 63.3 MB.

Unloading 5 unused Assets to reduce memory usage. Loaded Objects now: 1851.
Total: 1.800300 ms (FindLiveObjects: 0.222300 ms CreateObjectMapping: 0.054100 ms MarkObjects: 1.476900 ms  DeleteObjects: 0.045800 ms)

========================================================================
Received Prepare
Registering precompiled user dll's ...
Registered in 0.000603 seconds.
Begin MonoManager ReloadAssembly
Native extension for WindowsStandalone target not found
Refreshing native plugins compatible for Editor in 0.22 ms, found 0 plugins.
Preloading 0 native plugins for Editor in 0.00 ms.
Invoked RoslynAnalysisRunner static constructor.
RoslynAnalysisRunner will not be running.
RoslynAnalysisRunner has terminated.
Mono: successfully reloaded assembly
- Completed reload, in  0.627 seconds
Platform modules already initialized, skipping
Refreshing native plugins compatible for Editor in 0.21 ms, found 0 plugins.
Preloading 0 native plugins for Editor in 0.00 ms.
Unloading 1311 Unused Serialized files (Serialized files now loaded: 0)
System memory in use before: 63.3 MB.
System memory in use after: 63.4 MB.

Unloading 5 unused Assets to reduce memory usage. Loaded Objects now: 1853.
Total: 1.932800 ms (FindLiveObjects: 0.292900 ms CreateObjectMapping: 0.077400 ms MarkObjects: 1.514800 ms  DeleteObjects: 0.044200 ms)

========================================================================
Received Prepare
Registering precompiled user dll's ...
Registered in 0.000607 seconds.
Begin MonoManager ReloadAssembly
Native extension for WindowsStandalone target not found
Refreshing native plugins compatible for Editor in 0.23 ms, found 0 plugins.
Preloading 0 native plugins for Editor in 0.00 ms.
Invoked RoslynAnalysisRunner static constructor.
RoslynAnalysisRunner will not be running.
RoslynAnalysisRunner has terminated.
Mono: successfully reloaded assembly
- Completed reload, in  0.639 seconds
Platform modules already initialized, skipping
Refreshing native plugins compatible for Editor in 0.23 ms, found 0 plugins.
Preloading 0 native plugins for Editor in 0.00 ms.
Unloading 1311 Unused Serialized files (Serialized files now loaded: 0)
System memory in use before: 63.4 MB.
System memory in use after: 63.4 MB.

Unloading 5 unused Assets to reduce memory usage. Loaded Objects now: 1855.
Total: 1.702900 ms (FindLiveObjects: 0.228600 ms CreateObjectMapping: 0.059100 ms MarkObjects: 1.369700 ms  DeleteObjects: 0.043600 ms)

========================================================================
Received Import Request.
  Time since last request: 614.387700 seconds.
  path: Assets/AStar/Runtime/Design/AStarGrid.asset
  artifactKey: Guid(e7f4e7bf6ed558d4aba2acdb7236f9ef) Importer(815301076,1909f56bfc062723c751e8b465ee728b)
Start importing Assets/AStar/Runtime/Design/AStarGrid.asset using Guid(e7f4e7bf6ed558d4aba2acdb7236f9ef) Importer(815301076,1909f56bfc062723c751e8b465ee728b)  -> (artifact id: 'e9b06688aa56ac8c2c05bcc1f072d09b') in 0.010802 seconds
  Import took 0.013427 seconds .

========================================================================
Received Import Request.
  Time since last request: 0.010176 seconds.
  path: Assets/AStar/Runtime/Design/AStarGrid.asset
  artifactKey: Guid(e7f4e7bf6ed558d4aba2acdb7236f9ef) Importer(815301076,1909f56bfc062723c751e8b465ee728b)
Start importing Assets/AStar/Runtime/Design/AStarGrid.asset using Guid(e7f4e7bf6ed558d4aba2acdb7236f9ef) Importer(815301076,1909f56bfc062723c751e8b465ee728b)  -> (artifact id: 'e9b06688aa56ac8c2c05bcc1f072d09b') in 0.004254 seconds
  Import took 0.006330 seconds .

========================================================================
Received Prepare
Registering precompiled user dll's ...
Registered in 0.000623 seconds.
Begin MonoManager ReloadAssembly
Native extension for WindowsStandalone target not found
Refreshing native plugins compatible for Editor in 0.22 ms, found 0 plugins.
Preloading 0 native plugins for Editor in 0.00 ms.
Invoked RoslynAnalysisRunner static constructor.
RoslynAnalysisRunner will not be running.
RoslynAnalysisRunner has terminated.
Mono: successfully reloaded assembly
- Completed reload, in  0.636 seconds
Platform modules already initialized, skipping
Refreshing native plugins compatible for Editor in 0.22 ms, found 0 plugins.
Preloading 0 native plugins for Editor in 0.00 ms.
Unloading 1311 Unused Serialized files (Serialized files now loaded: 0)
System memory in use before: 63.4 MB.
System memory in use after: 63.5 MB.

Unloading 5 unused Assets to reduce memory usage. Loaded Objects now: 1857.
Total: 1.842200 ms (FindLiveObjects: 0.309000 ms CreateObjectMapping: 0.080900 ms MarkObjects: 1.408100 ms  DeleteObjects: 0.042100 ms)

========================================================================
Received Prepare
Registering precompiled user dll's ...
Registered in 0.000606 seconds.
Begin MonoManager ReloadAssembly
Native extension for WindowsStandalone target not found
Refreshing native plugins compatible for Editor in 0.22 ms, found 0 plugins.
Preloading 0 native plugins for Editor in 0.00 ms.
Invoked RoslynAnalysisRunner static constructor.
RoslynAnalysisRunner will not be running.
RoslynAnalysisRunner has terminated.
Mono: successfully reloaded assembly
- Completed reload, in  0.621 seconds
Platform modules already initialized, skipping
Refreshing native plugins compatible for Editor in 0.22 ms, found 0 plugins.
Preloading 0 native plugins for Editor in 0.00 ms.
Unloading 1311 Unused Serialized files (Serialized files now loaded: 0)
System memory in use before: 63.5 MB.
System memory in use after: 63.6 MB.

Unloading 5 unused Assets to reduce memory usage. Loaded Objects now: 1859.
Total: 1.701700 ms (FindLiveObjects: 0.223800 ms CreateObjectMapping: 0.058000 ms MarkObjects: 1.372900 ms  DeleteObjects: 0.045100 ms)

========================================================================
Received Prepare
Registering precompiled user dll's ...
Registered in 0.000616 seconds.
Begin MonoManager ReloadAssembly
Native extension for WindowsStandalone target not found
Refreshing native plugins compatible for Editor in 0.23 ms, found 0 plugins.
Preloading 0 native plugins for Editor in 0.00 ms.
Invoked RoslynAnalysisRunner static constructor.
RoslynAnalysisRunner will not be running.
RoslynAnalysisRunner has terminated.
Mono: successfully reloaded assembly
- Completed reload, in  0.620 seconds
Platform modules already initialized, skipping
Refreshing native plugins compatible for Editor in 0.21 ms, found 0 plugins.
Preloading 0 native plugins for Editor in 0.00 ms.
Unloading 1311 Unused Serialized files (Serialized files now loaded: 0)
System memory in use before: 63.6 MB.
System memory in use after: 63.6 MB.

Unloading 5 unused Assets to reduce memory usage. Loaded Objects now: 1861.
Total: 2.060900 ms (FindLiveObjects: 0.178500 ms CreateObjectMapping: 0.028200 ms MarkObjects: 1.810700 ms  DeleteObjects: 0.042500 ms)

========================================================================
Received Prepare
Registering precompiled user dll's ...
Registered in 0.000708 seconds.
Begin MonoManager ReloadAssembly
Native extension for WindowsStandalone target not found
Refreshing native plugins compatible for Editor in 0.36 ms, found 0 plugins.
Preloading 0 native plugins for Editor in 0.00 ms.
Invoked RoslynAnalysisRunner static constructor.
RoslynAnalysisRunner will not be running.
RoslynAnalysisRunner has terminated.
Mono: successfully reloaded assembly
- Completed reload, in  0.661 seconds
Platform modules already initialized, skipping
Refreshing native plugins compatible for Editor in 0.27 ms, found 0 plugins.
Preloading 0 native plugins for Editor in 0.00 ms.
Unloading 1311 Unused Serialized files (Serialized files now loaded: 0)
System memory in use before: 63.6 MB.
System memory in use after: 63.7 MB.

Unloading 5 unused Assets to reduce memory usage. Loaded Objects now: 1863.
Total: 2.554300 ms (FindLiveObjects: 0.236700 ms CreateObjectMapping: 0.033200 ms MarkObjects: 2.215300 ms  DeleteObjects: 0.067400 ms)

========================================================================
Received Import Request.
  Time since last request: 192.079988 seconds.
  path: Assets/AStar/Runtime/Design/AStarGrid.asset
  artifactKey: Guid(e7f4e7bf6ed558d4aba2acdb7236f9ef) Importer(815301076,1909f56bfc062723c751e8b465ee728b)
Start importing Assets/AStar/Runtime/Design/AStarGrid.asset using Guid(e7f4e7bf6ed558d4aba2acdb7236f9ef) Importer(815301076,1909f56bfc062723c751e8b465ee728b)  -> (artifact id: '705df7e9d61460399cde915c33294653') in 0.014693 seconds
  Import took 0.017183 seconds .

========================================================================
Received Import Request.
  Time since last request: 1.643952 seconds.
  path: Assets/AStar/Runtime/Design/AStarGrid.asset
  artifactKey: Guid(e7f4e7bf6ed558d4aba2acdb7236f9ef) Importer(815301076,1909f56bfc062723c751e8b465ee728b)
Start importing Assets/AStar/Runtime/Design/AStarGrid.asset using Guid(e7f4e7bf6ed558d4aba2acdb7236f9ef) Importer(815301076,1909f56bfc062723c751e8b465ee728b)  -> (artifact id: '705df7e9d61460399cde915c33294653') in 0.004173 seconds
  Import took 0.006281 seconds .

========================================================================
Received Prepare
Registering precompiled user dll's ...
Registered in 0.000592 seconds.
Begin MonoManager ReloadAssembly
Native extension for WindowsStandalone target not found
Refreshing native plugins compatible for Editor in 0.22 ms, found 0 plugins.
Preloading 0 native plugins for Editor in 0.00 ms.
Invoked RoslynAnalysisRunner static constructor.
RoslynAnalysisRunner will not be running.
RoslynAnalysisRunner has terminated.
Mono: successfully reloaded assembly
- Completed reload, in  0.625 seconds
Platform modules already initialized, skipping
Refreshing native plugins compatible for Editor in 0.22 ms, found 0 plugins.
Preloading 0 native plugins for Editor in 0.00 ms.
Unloading 1311 Unused Serialized files (Serialized files now loaded: 0)
System memory in use before: 63.7 MB.
System memory in use after: 63.8 MB.

Unloading 5 unused Assets to reduce memory usage. Loaded Objects now: 1865.
Total: 2.500200 ms (FindLiveObjects: 0.362500 ms CreateObjectMapping: 0.081400 ms MarkObjects: 2.010200 ms  DeleteObjects: 0.043800 ms)

========================================================================
Received Prepare
Registering precompiled user dll's ...
Registered in 0.000587 seconds.
Begin MonoManager ReloadAssembly
Native extension for WindowsStandalone target not found
Refreshing native plugins compatible for Editor in 0.22 ms, found 0 plugins.
Preloading 0 native plugins for Editor in 0.00 ms.
Invoked RoslynAnalysisRunner static constructor.
RoslynAnalysisRunner will not be running.
RoslynAnalysisRunner has terminated.
Mono: successfully reloaded assembly
- Completed reload, in  0.632 seconds
Platform modules already initialized, skipping
Refreshing native plugins compatible for Editor in 0.21 ms, found 0 plugins.
Preloading 0 native plugins for Editor in 0.00 ms.
Unloading 1311 Unused Serialized files (Serialized files now loaded: 0)
System memory in use before: 63.8 MB.
System memory in use after: 63.9 MB.

Unloading 5 unused Assets to reduce memory usage. Loaded Objects now: 1867.
Total: 2.241300 ms (FindLiveObjects: 0.295100 ms CreateObjectMapping: 0.028500 ms MarkObjects: 1.871800 ms  DeleteObjects: 0.043500 ms)

AssetImportWorkerClient::OnTransportError - code=2 error=End of file
